2018-11-03 11:42:26 - visualizer - INFO - starting Visualizer app
2018-11-03 11:42:48 - visualizer - INFO - starting Visualizer app
2018-11-03 11:45:48 - visualizer - INFO - starting Visualizer app
2018-11-03 11:49:36 - visualizer - INFO - starting Visualizer app
2018-11-03 11:49:44 - tornado.access - INFO - 200 GET / (::1) 1.32ms
2018-11-03 11:49:44 - tornado.access - WARNING - 404 GET /favicon.ico (::1) 1.07ms
2018-11-03 11:52:45 - tornado.general - INFO - /home/vallikranth/work/workspace/data-visualization-api/src/visualizerApi.py modified; restarting server
2018-11-03 11:52:45 - visualizer - INFO - starting Visualizer app
2018-11-03 11:53:50 - tornado.general - INFO - /home/vallikranth/work/workspace/data-visualization-api/src/visualizerApi.py modified; restarting server
2018-11-03 11:53:50 - visualizer - INFO - starting Visualizer app
2018-11-03 11:54:05 - tornado.general - INFO - /home/vallikranth/work/workspace/data-visualization-api/src/visualizerApi.py modified; restarting server
2018-11-03 11:54:05 - visualizer - INFO - starting Visualizer app
2018-11-03 11:54:53 - tornado.general - INFO - /home/vallikranth/work/workspace/data-visualization-api/src/visualizerApi.py modified; restarting server
2018-11-03 11:54:53 - visualizer - INFO - starting Visualizer app
2018-11-03 11:55:36 - tornado.general - INFO - /home/vallikranth/work/workspace/data-visualization-api/src/visualizerApi.py modified; restarting server
2018-11-03 11:55:36 - visualizer - INFO - starting Visualizer app
2018-11-03 11:55:50 - tornado.access - INFO - 304 GET / (::1) 3.13ms
2018-11-03 11:55:54 - tornado.access - INFO - 304 GET / (::1) 0.77ms
2018-11-03 11:55:55 - tornado.access - INFO - 304 GET / (::1) 0.35ms
2018-11-03 11:55:56 - tornado.access - INFO - 304 GET / (::1) 0.44ms
2018-11-03 11:56:24 - visualizer - INFO - executing getHomePage in background thread
2018-11-03 12:01:23 - tornado.general - INFO - /home/vallikranth/work/workspace/data-visualization-api/src/visualizerApi.py modified; restarting server
2018-11-03 12:01:23 - visualizer - INFO - starting Visualizer app
2018-11-03 12:01:43 - visualizer - INFO - executing getHomePage in background thread
2018-11-03 12:01:43 - visualizer - INFO - outcome of background task is Visualizer API
2018-11-03 12:01:45 - visualizer - INFO - executing getHomePage in background thread
2018-11-03 12:01:45 - visualizer - INFO - outcome of background task is Visualizer API
2018-11-03 12:05:01 - tornado.general - INFO - /home/vallikranth/work/workspace/data-visualization-api/src/visualizerApi.py modified; restarting server
2018-11-03 12:05:01 - visualizer - INFO - starting Visualizer app
2018-11-03 12:05:29 - tornado.general - INFO - /home/vallikranth/work/workspace/data-visualization-api/src/visualizerApi.py modified; restarting server
2018-11-03 12:05:29 - visualizer - INFO - starting Visualizer app
2018-11-03 12:08:02 - visualizer - INFO - executing getHomePage in background thread
2018-11-03 12:09:02 - visualizer - INFO - outcome of background task is Visualizer API
2018-11-03 12:10:09 - tornado.general - INFO - /home/vallikranth/work/workspace/data-visualization-api/src/visualizerApi.py modified; restarting server
2018-11-03 12:10:09 - visualizer - INFO - starting Visualizer app
2018-11-03 12:10:19 - visualizer - INFO - executing getHomePage in background thread
2018-11-03 12:11:19 - visualizer - INFO - outcome of background task is Visualizer API
2018-11-03 12:12:06 - tornado.general - INFO - /home/vallikranth/work/workspace/data-visualization-api/src/visualizerApi.py modified; restarting server
2018-11-03 12:12:07 - visualizer - INFO - starting Visualizer app
2018-11-03 14:41:31 - visualizer - INFO - starting Visualizer app
2018-11-03 14:42:23 - visualizer - INFO - starting Visualizer app
2018-11-03 14:42:33 - tornado.access - INFO - 304 GET / (::1) 6.17ms
2018-11-03 14:42:34 - tornado.access - WARNING - 404 GET /favicon.ico (::1) 1.51ms
2018-11-03 14:43:02 - tornado.access - INFO - 200 GET /sync (::1) 2.18ms
2018-11-03 14:43:05 - tornado.access - INFO - 304 GET /sync (::1) 0.75ms
2018-11-03 14:47:17 - tornado.general - INFO - /home/vallikranth/work/workspace/data-visualization-api/src/visualizerApi.py modified; restarting server
2018-11-03 14:47:17 - visualizer - INFO - starting Visualizer app
2018-11-03 14:47:59 - tornado.general - INFO - /home/vallikranth/work/workspace/data-visualization-api/src/visualizerApi.py modified; restarting server
2018-11-03 14:48:00 - visualizer - INFO - starting Visualizer app
2018-11-03 14:49:20 - visualizer - INFO - starting Visualizer app
2018-11-03 14:52:57 - tornado.general - INFO - /home/vallikranth/work/workspace/data-visualization-api/src/visualizerApi.py modified; restarting server
2018-11-03 14:52:58 - visualizer - INFO - starting Visualizer app
2018-11-03 14:53:45 - visualizer - INFO - starting Visualizer app
2018-11-03 14:56:01 - tornado.general - INFO - /home/vallikranth/work/workspace/data-visualization-api/src/visualizerApi.py modified; restarting server
2018-11-03 14:56:01 - visualizer - INFO - starting Visualizer app
2018-11-03 15:12:02 - visualizer - INFO - starting Visualizer app
2018-11-03 15:12:52 - tornado.general - INFO - /home/vallikranth/work/workspace/data-visualization-api/src/visualizerApi.py modified; restarting server
2018-11-03 15:12:52 - visualizer - INFO -  Visualizer app started on port:7212
2018-11-03 15:14:09 - tornado.access - INFO - 200 GET /sync (::1) 0.87ms
2018-11-03 15:15:09 - tornado.general - INFO - /home/vallikranth/work/workspace/data-visualization-api/src/visualizerApi.py modified; restarting server
2018-11-03 15:16:43 - visualizer - INFO -  Visualizer app started on port:7212
2018-11-03 15:16:47 - tornado.access - INFO - 200 GET /sync (::1) 0.61ms
2018-11-03 15:17:44 - tornado.general - INFO - /home/vallikranth/work/workspace/data-visualization-api/src/visualizerApi.py modified; restarting server
2018-11-03 15:17:45 - visualizer - INFO -  Visualizer app started on port:7212
2018-11-03 15:18:34 - tornado.general - INFO - /home/vallikranth/work/workspace/data-visualization-api/src/visualizerApi.py modified; restarting server
2018-11-03 15:18:34 - visualizer - INFO -  Visualizer app started on port:7212
2018-11-03 15:19:20 - tornado.general - INFO - /home/vallikranth/work/workspace/data-visualization-api/src/visualizerApi.py modified; restarting server
2018-11-03 15:19:20 - visualizer - INFO -  Visualizer app started on port:7212
2018-11-03 15:19:25 - visualizer - INFO - executing getHomePage in background thread
2018-11-03 15:19:44 - visualizer - INFO - executing getHomePage in background thread
2018-11-03 15:20:19 - tornado.general - INFO - /home/vallikranth/work/workspace/data-visualization-api/src/visualizerApi.py modified; restarting server
2018-11-03 15:20:19 - visualizer - INFO -  Visualizer app started on port:7212
2018-11-03 15:20:30 - visualizer - INFO - executing getHomePage in background thread
2018-11-03 15:20:41 - visualizer - INFO - outcome of background task is Visualizer API
2018-11-03 15:20:59 - tornado.general - INFO - /home/vallikranth/work/workspace/data-visualization-api/src/visualizerApi.py modified; restarting server
2018-11-03 15:21:00 - visualizer - INFO -  Visualizer app started on port:7212
2018-11-03 15:21:46 - visualizer - INFO - executing getHomePage in background thread
2018-11-03 15:21:56 - visualizer - INFO - outcome of background task is Visualizer API
2018-11-03 15:25:02 - tornado.general - INFO - /home/vallikranth/work/workspace/data-visualization-api/src/visualizerApi.py modified; restarting server
2018-11-03 15:25:02 - visualizer - INFO -  Visualizer app started on port:7212
2018-11-03 15:31:58 - visualizer - INFO -  Visualizer app started on port:7212
2018-11-03 15:32:04 - visualizer - INFO - outcome of background task is <coroutine object AsyncHandler.getHomePage at 0x7f4f90698db0>
2018-11-03 15:35:23 - visualizer - INFO -  Visualizer app started on port:7212
2018-11-03 15:35:29 - tornado.application - ERROR - Uncaught exception GET /async (::1)
HTTPServerRequest(protocol='http', host='localhost:7212', method='GET', uri='/async', version='HTTP/1.1', remote_ip='::1', headers={'Cache-Control': 'no-cache', 'Postman-Token': 'f9032647-0c7f-4ce8-8933-53fb494eb0da', 'User-Agent': 'PostmanRuntime/7.3.0', 'Accept': '*/*', 'Host': 'localhost:7212', 'Accept-Encoding': 'gzip, deflate', 'Connection': 'keep-alive'})
Traceback (most recent call last):
  File "/home/vallikranth/softs/anaconda3/lib/python3.6/site-packages/tornado/web.py", line 1467, in _stack_context_handle_exception
    raise_exc_info((type, value, traceback))
  File "<string>", line 4, in raise_exc_info
  File "/home/vallikranth/softs/anaconda3/lib/python3.6/site-packages/tornado/stack_context.py", line 316, in wrapped
    ret = fn(*args, **kwargs)
  File "/home/vallikranth/softs/anaconda3/lib/python3.6/site-packages/tornado/gen.py", line 200, in final_callback
    if future.result() is not None:
  File "/home/vallikranth/softs/anaconda3/lib/python3.6/site-packages/tornado/concurrent.py", line 238, in result
    raise_exc_info(self._exc_info)
  File "<string>", line 4, in raise_exc_info
  File "/home/vallikranth/softs/anaconda3/lib/python3.6/site-packages/tornado/gen.py", line 307, in wrapper
    yielded = next(result)
  File "/home/vallikranth/work/workspace/data-visualization-api/src/visualizerApi.py", line 42, in get
    t = time()
TypeError: 'module' object is not callable
2018-11-03 15:35:29 - tornado.access - ERROR - 500 GET /async (::1) 32.03ms
2018-11-03 15:36:29 - tornado.general - INFO - /home/vallikranth/work/workspace/data-visualization-api/src/visualizerApi.py modified; restarting server
2018-11-03 15:36:30 - visualizer - INFO -  Visualizer app started on port:7212
2018-11-03 15:36:51 - visualizer - INFO -  Visualizer app started on port:7212
2018-11-03 15:37:46 - visualizer - INFO -  Visualizer app started on port:7212
2018-11-03 15:39:57 - visualizer - INFO -  Visualizer app started on port:7212
2018-11-03 16:14:17 - tornado.general - INFO - /home/vallikranth/work/workspace/data-visualization-api/src/visualizerApi.py modified; restarting server
2018-11-03 16:14:17 - visualizer - INFO -  Visualizer app started on port:7212
2018-11-03 16:14:25 - tornado.general - INFO - /home/vallikranth/work/workspace/data-visualization-api/src/visualizerApi.py modified; restarting server
2018-11-03 16:14:25 - visualizer - INFO -  Visualizer app started on port:7212
2018-11-03 16:14:56 - visualizer - INFO -  Visualizer app started on port:7212
2018-11-03 16:15:01 - visualizer - INFO - executing getHomePage in background thread
2018-11-03 16:15:01 - tornado.access - INFO - 200 GET /async (::1) 1.58ms
2018-11-03 16:15:16 - tornado.general - INFO - /home/vallikranth/work/workspace/data-visualization-api/src/visualizerApi.py modified; restarting server
2018-11-03 16:15:16 - visualizer - INFO -  Visualizer app started on port:7212
2018-11-03 16:15:20 - visualizer - INFO - executing getHomePage in background thread
2018-11-03 16:15:20 - tornado.access - INFO - 200 GET /async (::1) 1.55ms
2018-11-03 16:15:21 - visualizer - INFO - executing getHomePage in background thread
2018-11-03 16:15:21 - tornado.access - INFO - 200 GET /async (::1) 1.20ms
2018-11-03 16:15:56 - tornado.general - INFO - /home/vallikranth/work/workspace/data-visualization-api/src/visualizerApi.py modified; restarting server
2018-11-03 16:15:56 - visualizer - INFO -  Visualizer app started on port:7212
2018-11-03 16:15:59 - visualizer - INFO - executing getHomePage in background thread
2018-11-03 16:29:53 - visualizer - INFO -  Visualizer app started on port:7212
2018-11-03 16:30:01 - visualizer - INFO - executing getHomePage in background thread
2018-11-03 16:30:01 - tornado.application - ERROR - Uncaught exception GET /async (::1)
HTTPServerRequest(protocol='http', host='localhost:7212', method='GET', uri='/async', version='HTTP/1.1', remote_ip='::1', headers={'Cache-Control': 'no-cache', 'Postman-Token': '7ad891ca-5bc8-4fa7-a80a-3402b132f946', 'User-Agent': 'PostmanRuntime/7.3.0', 'Accept': '*/*', 'Host': 'localhost:7212', 'Accept-Encoding': 'gzip, deflate', 'Connection': 'keep-alive'})
Traceback (most recent call last):
  File "/home/vallikranth/softs/anaconda3/lib/python3.6/site-packages/tornado/web.py", line 1511, in _execute
    result = yield result
  File "/home/vallikranth/softs/anaconda3/lib/python3.6/site-packages/tornado/gen.py", line 1055, in run
    value = future.result()
  File "/home/vallikranth/softs/anaconda3/lib/python3.6/site-packages/tornado/concurrent.py", line 238, in result
    raise_exc_info(self._exc_info)
  File "<string>", line 4, in raise_exc_info
  File "/home/vallikranth/softs/anaconda3/lib/python3.6/site-packages/tornado/gen.py", line 307, in wrapper
    yielded = next(result)
  File "/home/vallikranth/work/workspace/data-visualization-api/src/visualizerApi.py", line 45, in get
    res = yield executor.submit(self.blocking_task())
  File "/home/vallikranth/work/workspace/data-visualization-api/src/visualizerApi.py", line 52, in blocking_task
    time.sleep(10)
AttributeError: 'builtin_function_or_method' object has no attribute 'sleep'
2018-11-03 16:30:01 - tornado.access - ERROR - 500 GET /async (::1) 2.81ms
2018-11-03 16:31:14 - tornado.general - INFO - /home/vallikranth/work/workspace/data-visualization-api/src/visualizerApi.py modified; restarting server
2018-11-03 16:31:15 - visualizer - INFO -  Visualizer app started on port:7212
2018-11-03 16:31:21 - visualizer - INFO - executing getHomePage in background thread
2018-11-03 16:31:31 - tornado.application - ERROR - Uncaught exception GET /async (::1)
HTTPServerRequest(protocol='http', host='localhost:7212', method='GET', uri='/async', version='HTTP/1.1', remote_ip='::1', headers={'Cache-Control': 'no-cache', 'Postman-Token': 'ca4621a2-c73e-479f-97c4-b763fe95dc9f', 'User-Agent': 'PostmanRuntime/7.3.0', 'Accept': '*/*', 'Host': 'localhost:7212', 'Accept-Encoding': 'gzip, deflate', 'Connection': 'keep-alive'})
Traceback (most recent call last):
  File "/home/vallikranth/softs/anaconda3/lib/python3.6/site-packages/tornado/web.py", line 1511, in _execute
    result = yield result
  File "/home/vallikranth/softs/anaconda3/lib/python3.6/site-packages/tornado/gen.py", line 1055, in run
    value = future.result()
  File "/home/vallikranth/softs/anaconda3/lib/python3.6/site-packages/tornado/concurrent.py", line 238, in result
    raise_exc_info(self._exc_info)
  File "<string>", line 4, in raise_exc_info
  File "/home/vallikranth/softs/anaconda3/lib/python3.6/site-packages/tornado/gen.py", line 1063, in run
    yielded = self.gen.throw(*exc_info)
  File "/home/vallikranth/work/workspace/data-visualization-api/src/visualizerApi.py", line 45, in get
    res = yield executor.submit(self.blocking_task())
  File "/home/vallikranth/softs/anaconda3/lib/python3.6/site-packages/tornado/gen.py", line 1055, in run
    value = future.result()
  File "/home/vallikranth/softs/anaconda3/lib/python3.6/concurrent/futures/_base.py", line 425, in result
    return self.__get_result()
  File "/home/vallikranth/softs/anaconda3/lib/python3.6/concurrent/futures/_base.py", line 384, in __get_result
    raise self._exception
  File "/home/vallikranth/softs/anaconda3/lib/python3.6/concurrent/futures/thread.py", line 56, in run
    result = self.fn(*self.args, **self.kwargs)
TypeError: 'str' object is not callable
2018-11-03 16:31:31 - tornado.access - ERROR - 500 GET /async (::1) 10022.53ms
2018-11-03 16:32:29 - tornado.general - INFO - /home/vallikranth/work/workspace/data-visualization-api/src/visualizerApi.py modified; restarting server
2018-11-03 16:32:29 - visualizer - INFO -  Visualizer app started on port:7212
2018-11-03 16:32:37 - visualizer - INFO - executing getHomePage in background thread
2018-11-03 16:32:37 - tornado.application - ERROR - Uncaught exception GET /async (::1)
HTTPServerRequest(protocol='http', host='localhost:7212', method='GET', uri='/async', version='HTTP/1.1', remote_ip='::1', headers={'Cache-Control': 'no-cache', 'Postman-Token': 'bd2bb179-4bbe-4557-aa6f-58d947c58d1f', 'User-Agent': 'PostmanRuntime/7.3.0', 'Accept': '*/*', 'Host': 'localhost:7212', 'Accept-Encoding': 'gzip, deflate', 'Connection': 'keep-alive'})
Traceback (most recent call last):
  File "/home/vallikranth/softs/anaconda3/lib/python3.6/site-packages/tornado/web.py", line 1511, in _execute
    result = yield result
  File "/home/vallikranth/softs/anaconda3/lib/python3.6/site-packages/tornado/gen.py", line 1055, in run
    value = future.result()
  File "/home/vallikranth/softs/anaconda3/lib/python3.6/site-packages/tornado/concurrent.py", line 238, in result
    raise_exc_info(self._exc_info)
  File "<string>", line 4, in raise_exc_info
  File "/home/vallikranth/softs/anaconda3/lib/python3.6/site-packages/tornado/gen.py", line 1063, in run
    yielded = self.gen.throw(*exc_info)
  File "/home/vallikranth/work/workspace/data-visualization-api/src/visualizerApi.py", line 45, in get
    res = yield executor.submit(self.blocking_task())
  File "/home/vallikranth/softs/anaconda3/lib/python3.6/site-packages/tornado/gen.py", line 1055, in run
    value = future.result()
  File "/home/vallikranth/softs/anaconda3/lib/python3.6/concurrent/futures/_base.py", line 425, in result
    return self.__get_result()
  File "/home/vallikranth/softs/anaconda3/lib/python3.6/concurrent/futures/_base.py", line 384, in __get_result
    raise self._exception
  File "/home/vallikranth/softs/anaconda3/lib/python3.6/concurrent/futures/thread.py", line 56, in run
    result = self.fn(*self.args, **self.kwargs)
TypeError: 'str' object is not callable
2018-11-03 16:32:37 - tornado.access - ERROR - 500 GET /async (::1) 3.82ms
2018-11-03 16:33:13 - tornado.general - INFO - /home/vallikranth/work/workspace/data-visualization-api/src/visualizerApi.py modified; restarting server
2018-11-03 16:33:13 - visualizer - INFO -  Visualizer app started on port:7212
2018-11-03 16:33:19 - visualizer - INFO - executing getHomePage in background thread
2018-11-03 16:33:19 - tornado.access - INFO - 200 GET /async (::1) 4.18ms
2018-11-03 16:33:26 - visualizer - INFO - executing getHomePage in background thread
2018-11-03 16:33:26 - tornado.access - INFO - 200 GET /async (::1) 1.16ms
2018-11-03 16:33:27 - visualizer - INFO - executing getHomePage in background thread
2018-11-03 16:33:27 - tornado.access - INFO - 200 GET /async (::1) 1.01ms
2018-11-03 16:33:36 - tornado.general - INFO - /home/vallikranth/work/workspace/data-visualization-api/src/visualizerApi.py modified; restarting server
2018-11-03 16:33:36 - visualizer - INFO -  Visualizer app started on port:7212
2018-11-03 16:33:40 - visualizer - INFO - executing getHomePage in background thread
2018-11-03 16:33:50 - tornado.access - INFO - 200 GET /async (::1) 10014.51ms
2018-11-03 16:33:56 - visualizer - INFO - executing getHomePage in background thread
2018-11-03 16:34:06 - tornado.access - INFO - 200 GET /async (::1) 10008.04ms
2018-11-03 16:38:10 - visualizer - INFO -  Visualizer app started on port:7212
2018-11-03 16:38:15 - visualizer - INFO - executing getHomePage in background thread
2018-11-03 16:38:25 - tornado.access - INFO - 200 GET /async (::1) 10015.26ms
